2020-04-20 14:56:02 INFO  Logger:21 - ************************browserName  Chrome*******************************
2020-04-20 14:56:07 INFO  Logger:21 - *******************************Opening url*************************************
2020-04-20 14:56:11 INFO  Logger:21 - *******************************Verify Title************************
2020-04-20 14:56:11 INFO  Logger:21 - **********************Verify Homepage Scrolldown at what interval of time****************** 
2020-04-20 14:56:12 INFO  Logger:21 - ********************Tab-to-Search Item***************************
2020-04-20 14:56:16 INFO  Logger:21 - ***************Verify actions ****************************
2020-04-20 14:56:17 INFO  Logger:21 - *****************************Return to homepage*****************************
2020-04-20 14:56:17 INFO  Logger:21 - ************************Verify Mousehover on element***********************
2020-04-20 14:56:17 INFO  Logger:21 - *******************Verify element is clickable*********************
2020-04-20 14:56:18 INFO  Logger:21 - *************New releases***************
2020-04-20 14:56:19 INFO  Logger:21 - *********************Purchase a book*****************************
2020-04-20 14:56:20 INFO  Logger:21 - *********************Add to Cart******************************
2020-04-20 14:56:21 INFO  Logger:21 - ************Sign-in to Purchase item********************************
2020-04-20 14:56:33 INFO  Logger:21 - ******************************Edit address*********************
2020-04-20 14:56:36 INFO  Logger:21 - ******************* VerifyScreenshot-forFailedTC ********************** 
2020-04-20 14:56:36 INFO  Logger:21 - *****************CloseBrowser*****************
2020-04-20 14:56:40 INFO  Logger:21 - ********************CloseAllBrowser******************
2020-05-24 13:34:21 INFO  Logger:21 - ************************browserName  Chrome*******************************
2020-05-24 13:34:26 INFO  Logger:21 - *******************************Opening url*************************************
2020-05-24 13:34:30 INFO  Logger:21 - *******************************Verify Title************************
2020-05-24 13:34:30 INFO  Logger:21 - **********************Verify Homepage Scrolldown at what interval of time****************** 
2020-05-24 13:34:32 INFO  Logger:21 - ********************Tab-to-Search Item***************************
2020-05-24 13:34:34 INFO  Logger:21 - ***************Verify actions ****************************
2020-05-24 13:34:35 INFO  Logger:21 - *****************************Return to homepage*****************************
2020-05-24 13:34:35 INFO  Logger:21 - ************************Verify Mousehover on element***********************
2020-05-24 13:34:36 INFO  Logger:21 - *******************Verify element is clickable*********************
2020-05-24 13:34:37 INFO  Logger:21 - *************New releases***************
2020-05-24 13:34:38 INFO  Logger:21 - *********************Purchase a book*****************************
2020-05-24 13:34:39 INFO  Logger:21 - *********************Add to Cart******************************
2020-05-24 13:34:41 INFO  Logger:21 - ************Sign-in to Purchase item********************************
2020-05-24 13:34:49 INFO  Logger:21 - ******************************Edit address*********************
2020-05-24 13:34:53 INFO  Logger:21 - ******************* VerifyScreenshot-forFailedTC ********************** 
2020-05-24 13:34:53 INFO  Logger:21 - *****************CloseBrowser*****************
2020-05-24 13:34:57 INFO  Logger:21 - ********************CloseAllBrowser******************
2020-05-24 13:35:59 INFO  Logger:21 - ************************browserName  Chrome*******************************
2020-05-24 13:36:03 INFO  Logger:21 - *******************************Opening url*************************************
2020-05-24 13:36:08 INFO  Logger:21 - *******************************Verify Title************************
2020-05-24 13:36:08 INFO  Logger:21 - **********************Verify Homepage Scrolldown at what interval of time****************** 
2020-05-24 13:36:09 INFO  Logger:21 - ********************Tab-to-Search Item***************************
2020-05-24 13:36:11 INFO  Logger:21 - ***************Verify actions ****************************
2020-05-24 13:36:12 INFO  Logger:21 - *****************************Return to homepage*****************************
2020-05-24 13:36:12 INFO  Logger:21 - ************************Verify Mousehover on element***********************
2020-05-24 13:36:13 INFO  Logger:21 - *******************Verify element is clickable*********************
2020-05-24 13:36:14 INFO  Logger:21 - *************New releases***************
2020-05-24 13:36:15 INFO  Logger:21 - *********************Purchase a book*****************************
2020-05-24 13:36:18 INFO  Logger:21 - *********************Add to Cart******************************
2020-05-24 13:36:21 INFO  Logger:21 - ************Sign-in to Purchase item********************************
2020-05-24 13:36:36 INFO  Logger:21 - ******************************Edit address*********************
2020-05-24 13:36:39 INFO  Logger:21 - *****************CloseBrowser*****************
2020-05-24 13:36:43 INFO  Logger:21 - ********************CloseAllBrowser******************
